<?xml version="1.0" encoding="UTF-8"?>
<!-- Generated by org.testng.reporters.JUnitReportReporter -->
<testsuite hostname="Amarpreets-MBP" name="com.goldstar.test.SignUpTest" tests="1" failures="0" timestamp="7 Sep 2015 23:16:31 GMT" time="4.873" errors="0">
  <testcase name="signUp" time="4.873" classname="com.goldstar.test.SignUpTest"/>
</testsuite> <!-- com.goldstar.test.SignUpTest -->
