<?xml version="1.0" encoding="UTF-8"?>
<!-- Generated by org.testng.reporters.JUnitReportReporter -->
<testsuite hostname="Amarpreets-MBP" name="com.google.test.SearchTestOne" tests="1" failures="0" timestamp="30 Aug 2015 18:14:13 GMT" time="5.852" errors="0">
  <testcase name="searchText" time="5.852" classname="com.google.test.SearchTestOne"/>
</testsuite> <!-- com.google.test.SearchTestOne -->
