<?xml version="1.0" encoding="UTF-8"?>
<!-- Generated by org.testng.reporters.JUnitReportReporter -->
<testsuite hostname="Amarpreets-MBP" name="com.goldstar.test.LoginTest" tests="1" failures="0" timestamp="12 Sep 2015 23:14:01 GMT" time="14.323" errors="0">
  <testcase name="loginWithValidCredentials" time="14.323" classname="com.goldstar.test.LoginTest"/>
</testsuite> <!-- com.goldstar.test.LoginTest -->
