<?xml version="1.0" encoding="UTF-8"?>
<!-- Generated by org.testng.reporters.JUnitReportReporter -->
<testsuite hostname="Amarpreets-MBP" name="com.goldstar.test.ProfileTest" tests="1" failures="0" timestamp="12 Sep 2015 23:54:48 GMT" time="6.190" errors="0">
  <testcase name="emailHistoryTest" time="6.190" classname="com.goldstar.test.ProfileTest"/>
</testsuite> <!-- com.goldstar.test.ProfileTest -->
