<?xml version="1.0" encoding="UTF-8"?>
<!-- Generated by org.testng.reporters.JUnitReportReporter -->
<testsuite hostname="Amarpreets-MBP" name="com.goldstar.test.MyProfileTabTests" tests="1" failures="0" timestamp="13 Sep 2015 16:49:22 GMT" time="5.818" errors="0">
  <testcase name="emailHistoryTest" time="5.818" classname="com.goldstar.test.MyProfileTabTests"/>
</testsuite> <!-- com.goldstar.test.MyProfileTabTests -->
